{
  "stats": {
    "suites": 1,
    "tests": 1,
    "passes": 1,
    "pending": 0,
    "failures": 0,
    "start": "2024-09-24T04:15:36.442Z",
    "end": "2024-09-24T04:16:20.249Z",
    "duration": 43807,
    "testsRegistered": 1,
    "passPercent": 100,
    "pendingPercent": 0,
    "other": 0,
    "hasOther": false,
    "skipped": 0,
    "hasSkipped": false
  },
  "results": [
    {
      "uuid": "7d9df6cb-ba2c-4fd8-b56e-4ef160363f22",
      "title": "",
      "fullFile": "cypress/e2e/logout/logout.cy.js",
      "file": "cypress/e2e/logout/logout.cy.js",
      "beforeHooks": [],
      "afterHooks": [],
      "tests": [],
      "suites": [
        {
          "uuid": "bef1a0eb-f75a-4d33-8926-8d66c5c109dc",
          "title": "ProyectoFinal",
          "fullFile": "",
          "file": "",
          "beforeHooks": [],
          "afterHooks": [],
          "tests": [
            {
              "title": "salirPagina",
              "fullTitle": "ProyectoFinal salirPagina",
              "timedOut": null,
              "duration": 41524,
              "state": "passed",
              "speed": "slow",
              "pass": true,
              "fail": false,
              "pending": false,
              "context": null,
              "code": "(0, _util.abrirPagina)();\n(0, _util.llenarInput)(\"input[name=user-name]\", \"standard_user\");\n(0, _util.llenarInput)(\"input[name=password]\", \"secret_sauce\");\n(0, _util.hacerClick)(\"input[id=login-button]\");\n(0, _util.hacerClick)(\"button[id=add-to-cart-sauce-labs-backpack]\");\n(0, _util.hacerClick)(\"button[id=add-to-cart-sauce-labs-bolt-t-shirt]\");\n(0, _util.hacerClick)(\"button[id=add-to-cart-sauce-labs-onesie]\");\n(0, _util.hacerClick)(\"a[class=shopping_cart_link]\");\n(0, _util.hacerClick)(\"button[id=remove-sauce-labs-onesie]\");\n(0, _util.hacerClick)(\"button[id=remove-sauce-labs-backpack]\");\n//Test Checkout (Formulario)\n(0, _util.hacerClick)(\"button[id=checkout]\");\ncy.wait(2000);\n(0, _util.llenarInput)(\"input[id=first-name]\", \"Paola\");\ncy.wait(1000);\n(0, _util.llenarInput)(\"input[id=last-name]\", \"Arroyo Garcia\");\ncy.wait(1000);\n(0, _util.llenarInput)(\"input[id=postal-code]\", \"8506\");\ncy.wait(1000);\n(0, _util.hacerClick)(\"input[id=continue]\");\ncy.wait(3000);\n(0, _util.hacerClick)(\"button[id=finish]\");\n// Test logout\n(0, _util.hacerClick)(\"button[id=react-burger-menu-btn]\");\n(0, _util.hacerClick)(\"a[id=logout_sidebar_link]\");\n// Assert volver al dominio /\ncy.url().should('include', 'www.saucedemo.com');",
              "err": {},
              "uuid": "90de29ec-e874-45dc-a76d-15c93e91d050",
              "parentUUID": "bef1a0eb-f75a-4d33-8926-8d66c5c109dc",
              "isHook": false,
              "skipped": false
            }
          ],
          "suites": [],
          "passes": [
            "90de29ec-e874-45dc-a76d-15c93e91d050"
          ],
          "failures": [],
          "pending": [],
          "skipped": [],
          "duration": 41524,
          "root": false,
          "rootEmpty": false,
          "_timeout": 2000
        }
      ],
      "passes": [],
      "failures": [],
      "pending": [],
      "skipped": [],
      "duration": 0,
      "root": true,
      "rootEmpty": true,
      "_timeout": 2000
    }
  ],
  "meta": {
    "mocha": {
      "version": "7.0.1"
    },
    "mochawesome": {
      "options": {
        "quiet": false,
        "reportFilename": "mochawesome",
        "saveHtml": true,
        "saveJson": true,
        "consoleReporter": "spec",
        "useInlineDiffs": false,
        "code": true
      },
      "version": "7.1.3"
    },
    "marge": {
      "options": {
        "reportDir": "cypress/reports",
        "overwrite": false,
        "html": true,
        "json": true
      },
      "version": "6.2.0"
    }
  }
}