{
  "stats": {
    "suites": 1,
    "tests": 1,
    "passes": 1,
    "pending": 0,
    "failures": 0,
    "start": "2024-09-24T04:13:17.937Z",
    "end": "2024-09-24T04:13:27.623Z",
    "duration": 9686,
    "testsRegistered": 1,
    "passPercent": 100,
    "pendingPercent": 0,
    "other": 0,
    "hasOther": false,
    "skipped": 0,
    "hasSkipped": false
  },
  "results": [
    {
      "uuid": "8c0a880c-4d1e-419f-8031-a24764ef8911",
      "title": "",
      "fullFile": "cypress/e2e/login/login.cy.js",
      "file": "cypress/e2e/login/login.cy.js",
      "beforeHooks": [],
      "afterHooks": [],
      "tests": [],
      "suites": [
        {
          "uuid": "5065cd5c-9eea-48f9-9be0-e741c144260f",
          "title": "ProyectoFinal",
          "fullFile": "",
          "file": "",
          "beforeHooks": [],
          "afterHooks": [],
          "tests": [
            {
              "title": "logearse",
              "fullTitle": "ProyectoFinal logearse",
              "timedOut": null,
              "duration": 7567,
              "state": "passed",
              "speed": "medium",
              "pass": true,
              "fail": false,
              "pending": false,
              "context": null,
              "code": "(0, _util.abrirPagina)();\n(0, _util.llenarInput)(\"input[name=user-name]\", \"standard_user\");\n(0, _util.llenarInput)(\"input[name=password]\", \"secret_sauce\");\ncy.get(\"input[id=login-button]\").click();\ncy.wait(3000);\n// Assert para verificar que la URL cambió a la página\ncy.url().should('include', '/inventory.html');",
              "err": {},
              "uuid": "cb5450e4-c88c-4879-83b5-8693bcde7d12",
              "parentUUID": "5065cd5c-9eea-48f9-9be0-e741c144260f",
              "isHook": false,
              "skipped": false
            }
          ],
          "suites": [],
          "passes": [
            "cb5450e4-c88c-4879-83b5-8693bcde7d12"
          ],
          "failures": [],
          "pending": [],
          "skipped": [],
          "duration": 7567,
          "root": false,
          "rootEmpty": false,
          "_timeout": 2000
        }
      ],
      "passes": [],
      "failures": [],
      "pending": [],
      "skipped": [],
      "duration": 0,
      "root": true,
      "rootEmpty": true,
      "_timeout": 2000
    }
  ],
  "meta": {
    "mocha": {
      "version": "7.0.1"
    },
    "mochawesome": {
      "options": {
        "quiet": false,
        "reportFilename": "mochawesome",
        "saveHtml": true,
        "saveJson": true,
        "consoleReporter": "spec",
        "useInlineDiffs": false,
        "code": true
      },
      "version": "7.1.3"
    },
    "marge": {
      "options": {
        "reportDir": "cypress/reports",
        "overwrite": false,
        "html": true,
        "json": true
      },
      "version": "6.2.0"
    }
  }
}