{
  "stats": {
    "suites": 1,
    "tests": 5,
    "passes": 5,
    "pending": 0,
    "failures": 0,
    "start": "2024-09-24T04:13:29.960Z",
    "end": "2024-09-24T04:15:33.926Z",
    "duration": 123966,
    "testsRegistered": 5,
    "passPercent": 100,
    "pendingPercent": 0,
    "other": 0,
    "hasOther": false,
    "skipped": 0,
    "hasSkipped": false
  },
  "results": [
    {
      "uuid": "38576131-fcb5-4422-80f7-4a35594cbaac",
      "title": "",
      "fullFile": "cypress/e2e/todoJunto/todoJunto.cy.js",
      "file": "cypress/e2e/todoJunto/todoJunto.cy.js",
      "beforeHooks": [],
      "afterHooks": [],
      "tests": [],
      "suites": [
        {
          "uuid": "595bbd30-59b4-4503-ad41-b5a395ac393b",
          "title": "ProyectoFinal",
          "fullFile": "",
          "file": "",
          "beforeHooks": [],
          "afterHooks": [],
          "tests": [
            {
              "title": "logearse",
              "fullTitle": "ProyectoFinal logearse",
              "timedOut": null,
              "duration": 7456,
              "state": "passed",
              "speed": "medium",
              "pass": true,
              "fail": false,
              "pending": false,
              "context": null,
              "code": "(0, _util.abrirPagina)();\n(0, _util.llenarInput)(\"input[name=user-name]\", \"standard_user\");\n(0, _util.llenarInput)(\"input[name=password]\", \"secret_sauce\");\ncy.get(\"input[id=login-button]\").click();\ncy.wait(3000);\n// Assert para verificar que la URL cambió a la página\ncy.url().should('include', '/inventory.html');",
              "err": {},
              "uuid": "bcb50ccf-e9cf-4ef9-a39e-aaca798de7f2",
              "parentUUID": "595bbd30-59b4-4503-ad41-b5a395ac393b",
              "isHook": false,
              "skipped": false
            },
            {
              "title": "agregarProducto",
              "fullTitle": "ProyectoFinal agregarProducto",
              "timedOut": null,
              "duration": 15325,
              "state": "passed",
              "speed": "slow",
              "pass": true,
              "fail": false,
              "pending": false,
              "context": null,
              "code": "(0, _util.abrirPagina)();\n(0, _util.llenarInput)(\"input[name=user-name]\", \"standard_user\");\n(0, _util.llenarInput)(\"input[name=password]\", \"secret_sauce\");\n(0, _util.hacerClick)(\"input[id=login-button]\");\n(0, _util.hacerClick)(\"button[id=add-to-cart-sauce-labs-backpack]\");\n(0, _util.hacerClick)(\"button[id=add-to-cart-sauce-labs-bolt-t-shirt]\");\n(0, _util.hacerClick)(\"button[id=add-to-cart-sauce-labs-onesie]\");\ncy.wait(3000);\n// Assert para verificar que el carrito tiene 3 artículos (El have.text asegurará que el número mostrado dentro del span sea '3')\ncy.get('.shopping_cart_badge').should('have.text', '3');",
              "err": {},
              "uuid": "9e851fbc-3532-422f-8935-9379b4e45a40",
              "parentUUID": "595bbd30-59b4-4503-ad41-b5a395ac393b",
              "isHook": false,
              "skipped": false
            },
            {
              "title": "eliminarProducto",
              "fullTitle": "ProyectoFinal eliminarProducto",
              "timedOut": null,
              "duration": 18715,
              "state": "passed",
              "speed": "slow",
              "pass": true,
              "fail": false,
              "pending": false,
              "context": null,
              "code": "(0, _util.abrirPagina)();\n(0, _util.llenarInput)(\"input[name=user-name]\", \"standard_user\");\n(0, _util.llenarInput)(\"input[name=password]\", \"secret_sauce\");\n(0, _util.hacerClick)(\"input[id=login-button]\");\n(0, _util.hacerClick)(\"button[id=add-to-cart-sauce-labs-backpack]\");\n(0, _util.hacerClick)(\"button[id=add-to-cart-sauce-labs-bolt-t-shirt]\");\n(0, _util.hacerClick)(\"button[id=add-to-cart-sauce-labs-onesie]\");\n(0, _util.hacerClick)(\"a[class=shopping_cart_link]\");\n(0, _util.hacerClick)(\"button[id=remove-sauce-labs-onesie]\");\n(0, _util.hacerClick)(\"button[id=remove-sauce-labs-backpack]\");\n//Assert\n// 1 producto en el carrito\ncy.get('.cart_item').should('have.length', 1);\n// producto restante sea (Sauce Labs Bolt T-Shirt)\ncy.get('.inventory_item_name').should('contain.text', 'Sauce Labs Bolt T-Shirt');",
              "err": {},
              "uuid": "103a5685-aec5-41fe-bf84-a9c9538b0828",
              "parentUUID": "595bbd30-59b4-4503-ad41-b5a395ac393b",
              "isHook": false,
              "skipped": false
            },
            {
              "title": "comprar",
              "fullTitle": "ProyectoFinal comprar",
              "timedOut": null,
              "duration": 38903,
              "state": "passed",
              "speed": "slow",
              "pass": true,
              "fail": false,
              "pending": false,
              "context": null,
              "code": "(0, _util.abrirPagina)();\n(0, _util.llenarInput)(\"input[name=user-name]\", \"standard_user\");\n(0, _util.llenarInput)(\"input[name=password]\", \"secret_sauce\");\n(0, _util.hacerClick)(\"input[id=login-button]\");\n(0, _util.hacerClick)(\"button[id=add-to-cart-sauce-labs-backpack]\");\n(0, _util.hacerClick)(\"button[id=add-to-cart-sauce-labs-bolt-t-shirt]\");\n(0, _util.hacerClick)(\"button[id=add-to-cart-sauce-labs-onesie]\");\n(0, _util.hacerClick)(\"a[class=shopping_cart_link]\");\n(0, _util.hacerClick)(\"button[id=remove-sauce-labs-onesie]\");\n(0, _util.hacerClick)(\"button[id=remove-sauce-labs-backpack]\");\n//Test Checkout (Formulario)\n(0, _util.hacerClick)(\"button[id=checkout]\");\ncy.wait(2000);\n(0, _util.llenarInput)(\"input[id=first-name]\", \"Paola\");\ncy.wait(1000);\n(0, _util.llenarInput)(\"input[id=last-name]\", \"Arroyo Garcia\");\ncy.wait(1000);\n(0, _util.llenarInput)(\"input[id=postal-code]\", \"8506\");\ncy.wait(1000);\n(0, _util.hacerClick)(\"input[id=continue]\");\ncy.wait(3000);\n(0, _util.hacerClick)(\"button[id=finish]\");\n// Assert verificación pedido completado\ncy.url().should('include', '/checkout-complete.html');\ncy.wait(2000);\n// Assert mensaje\ncy.get('.complete-header').should('contain.text', 'Thank you for your order');",
              "err": {},
              "uuid": "4cb25eb8-f6fa-4a87-83f5-7d25c806541b",
              "parentUUID": "595bbd30-59b4-4503-ad41-b5a395ac393b",
              "isHook": false,
              "skipped": false
            },
            {
              "title": "salirPagina",
              "fullTitle": "ProyectoFinal salirPagina",
              "timedOut": null,
              "duration": 41209,
              "state": "passed",
              "speed": "slow",
              "pass": true,
              "fail": false,
              "pending": false,
              "context": null,
              "code": "(0, _util.abrirPagina)();\n(0, _util.llenarInput)(\"input[name=user-name]\", \"standard_user\");\n(0, _util.llenarInput)(\"input[name=password]\", \"secret_sauce\");\n(0, _util.hacerClick)(\"input[id=login-button]\");\n(0, _util.hacerClick)(\"button[id=add-to-cart-sauce-labs-backpack]\");\n(0, _util.hacerClick)(\"button[id=add-to-cart-sauce-labs-bolt-t-shirt]\");\n(0, _util.hacerClick)(\"button[id=add-to-cart-sauce-labs-onesie]\");\n(0, _util.hacerClick)(\"a[class=shopping_cart_link]\");\n(0, _util.hacerClick)(\"button[id=remove-sauce-labs-onesie]\");\n(0, _util.hacerClick)(\"button[id=remove-sauce-labs-backpack]\");\n//Test Checkout (Formulario)\n(0, _util.hacerClick)(\"button[id=checkout]\");\ncy.wait(2000);\n(0, _util.llenarInput)(\"input[id=first-name]\", \"Paola\");\ncy.wait(1000);\n(0, _util.llenarInput)(\"input[id=last-name]\", \"Arroyo Garcia\");\ncy.wait(1000);\n(0, _util.llenarInput)(\"input[id=postal-code]\", \"8506\");\ncy.wait(1000);\n(0, _util.hacerClick)(\"input[id=continue]\");\ncy.wait(3000);\n(0, _util.hacerClick)(\"button[id=finish]\");\n// Test logout\n(0, _util.hacerClick)(\"button[id=react-burger-menu-btn]\");\n(0, _util.hacerClick)(\"a[id=logout_sidebar_link]\");\n// Assert volver al dominio /\ncy.url().should('include', 'www.saucedemo.com');",
              "err": {},
              "uuid": "2c9d4c0c-4847-43bb-a691-ba02bc08882d",
              "parentUUID": "595bbd30-59b4-4503-ad41-b5a395ac393b",
              "isHook": false,
              "skipped": false
            }
          ],
          "suites": [],
          "passes": [
            "bcb50ccf-e9cf-4ef9-a39e-aaca798de7f2",
            "9e851fbc-3532-422f-8935-9379b4e45a40",
            "103a5685-aec5-41fe-bf84-a9c9538b0828",
            "4cb25eb8-f6fa-4a87-83f5-7d25c806541b",
            "2c9d4c0c-4847-43bb-a691-ba02bc08882d"
          ],
          "failures": [],
          "pending": [],
          "skipped": [],
          "duration": 121608,
          "root": false,
          "rootEmpty": false,
          "_timeout": 2000
        }
      ],
      "passes": [],
      "failures": [],
      "pending": [],
      "skipped": [],
      "duration": 0,
      "root": true,
      "rootEmpty": true,
      "_timeout": 2000
    }
  ],
  "meta": {
    "mocha": {
      "version": "7.0.1"
    },
    "mochawesome": {
      "options": {
        "quiet": false,
        "reportFilename": "mochawesome",
        "saveHtml": true,
        "saveJson": true,
        "consoleReporter": "spec",
        "useInlineDiffs": false,
        "code": true
      },
      "version": "7.1.3"
    },
    "marge": {
      "options": {
        "reportDir": "cypress/reports",
        "overwrite": false,
        "html": true,
        "json": true
      },
      "version": "6.2.0"
    }
  }
}